----------

Thu Jun 16 2022 11:27:20 GMT-0300 (Horário Padrão de Brasília)

fatal: Unable to create 'C:/Users/Flavi/.git/index.lock': File exists.

Another git process seems to be running in this repository, e.g.
an editor opened by 'git commit'. Please make sure all processes
are terminated then try again. If it still fails, a git process
may have crashed in this repository earlier:
remove the file manually to continue.


----------

Thu Jun 16 2022 11:27:20 GMT-0300 (Horário Padrão de Brasília)

fatal: Unable to create 'C:/Users/Flavi/.git/index.lock': File exists.

Another git process seems to be running in this repository, e.g.
an editor opened by 'git commit'. Please make sure all processes
are terminated then try again. If it still fails, a git process
may have crashed in this repository earlier:
remove the file manually to continue.


----------

Thu Jun 16 2022 11:27:21 GMT-0300 (Horário Padrão de Brasília)

git@github.com: Permission denied (publickey).


----------

Thu Jun 16 2022 11:27:21 GMT-0300 (Horário Padrão de Brasília)

fatal: Could not read from remote repository.

Please make sure you have the correct access rights
and the repository exists.


